2015-02-24 20:19:07,861 /usr/local/lib/python2.7/site-packages/psiturk/psiturk_js/psiturk.js
2015-02-24 20:19:07,887 /usr/local/lib/python2.7/site-packages/psiturk/psiturk_js/psiturk.js
2015-02-24 20:19:07,931 /usr/local/lib/python2.7/site-packages/psiturk/psiturk_js/psiturk.js
2015-02-24 20:19:07,963 /usr/local/lib/python2.7/site-packages/psiturk/psiturk_js/psiturk.js
2015-02-24 20:19:08,191 /usr/local/lib/python2.7/site-packages/psiturk/psiturk_js/psiturk.js
2015-02-24 20:19:08,239 /usr/local/lib/python2.7/site-packages/psiturk/psiturk_js/psiturk.js
2015-02-24 20:19:08,428 /usr/local/lib/python2.7/site-packages/psiturk/psiturk_js/psiturk.js
2015-02-24 20:19:08,477 /usr/local/lib/python2.7/site-packages/psiturk/psiturk_js/psiturk.js
2015-02-24 20:19:08,520 /usr/local/lib/python2.7/site-packages/psiturk/psiturk_js/psiturk.js
2015-02-24 20:19:08,559 /usr/local/lib/python2.7/site-packages/psiturk/psiturk_js/psiturk.js
2015-02-24 20:19:08,582 /usr/local/lib/python2.7/site-packages/psiturk/psiturk_js/psiturk.js
2015-02-24 20:19:08,586 /usr/local/lib/python2.7/site-packages/psiturk/psiturk_js/psiturk.js
2015-02-24 20:19:08,586 /usr/local/lib/python2.7/site-packages/psiturk/psiturk_js/psiturk.js
2015-02-24 20:19:08,610 /usr/local/lib/python2.7/site-packages/psiturk/psiturk_js/psiturk.js
2015-02-24 20:19:08,612 /usr/local/lib/python2.7/site-packages/psiturk/psiturk_js/psiturk.js
2015-02-24 20:19:08,636 /usr/local/lib/python2.7/site-packages/psiturk/psiturk_js/psiturk.js
2015-02-24 20:19:08,637 /usr/local/lib/python2.7/site-packages/psiturk/psiturk_js/psiturk.js
2015-03-05 20:52:25,395 /usr/local/lib/python2.7/site-packages/psiturk/psiturk_js/psiturk.js
2015-03-05 20:52:25,396 /usr/local/lib/python2.7/site-packages/psiturk/psiturk_js/psiturk.js
2015-03-05 20:52:25,534 /usr/local/lib/python2.7/site-packages/psiturk/psiturk_js/psiturk.js
2015-03-05 20:52:25,579 /usr/local/lib/python2.7/site-packages/psiturk/psiturk_js/psiturk.js
2015-03-05 20:52:25,712 /usr/local/lib/python2.7/site-packages/psiturk/psiturk_js/psiturk.js
2015-03-05 20:52:25,892 /usr/local/lib/python2.7/site-packages/psiturk/psiturk_js/psiturk.js
2015-03-05 20:52:25,956 /usr/local/lib/python2.7/site-packages/psiturk/psiturk_js/psiturk.js
2015-03-05 20:52:26,019 /usr/local/lib/python2.7/site-packages/psiturk/psiturk_js/psiturk.js
2015-03-05 20:52:26,108 /usr/local/lib/python2.7/site-packages/psiturk/psiturk_js/psiturk.js
2015-03-05 20:52:26,185 /usr/local/lib/python2.7/site-packages/psiturk/psiturk_js/psiturk.js
2015-03-05 20:52:26,229 /usr/local/lib/python2.7/site-packages/psiturk/psiturk_js/psiturk.js
2015-03-05 20:52:26,288 /usr/local/lib/python2.7/site-packages/psiturk/psiturk_js/psiturk.js
2015-03-05 20:52:26,316 /usr/local/lib/python2.7/site-packages/psiturk/psiturk_js/psiturk.js
2015-03-05 20:52:26,360 /usr/local/lib/python2.7/site-packages/psiturk/psiturk_js/psiturk.js
2015-03-05 20:52:26,401 /usr/local/lib/python2.7/site-packages/psiturk/psiturk_js/psiturk.js
2015-03-05 20:52:26,443 /usr/local/lib/python2.7/site-packages/psiturk/psiturk_js/psiturk.js
2015-03-05 20:52:26,448 /usr/local/lib/python2.7/site-packages/psiturk/psiturk_js/psiturk.js
2015-03-05 20:55:05,461 /usr/local/lib/python2.7/site-packages/psiturk/psiturk_js/psiturk.js
2015-03-05 20:55:05,470 /usr/local/lib/python2.7/site-packages/psiturk/psiturk_js/psiturk.js
2015-03-05 20:55:05,501 /usr/local/lib/python2.7/site-packages/psiturk/psiturk_js/psiturk.js
2015-03-05 20:55:05,656 /usr/local/lib/python2.7/site-packages/psiturk/psiturk_js/psiturk.js
2015-03-05 20:55:05,716 /usr/local/lib/python2.7/site-packages/psiturk/psiturk_js/psiturk.js
2015-03-05 20:55:05,806 /usr/local/lib/python2.7/site-packages/psiturk/psiturk_js/psiturk.js
2015-03-05 20:55:05,959 /usr/local/lib/python2.7/site-packages/psiturk/psiturk_js/psiturk.js
2015-03-05 20:55:06,039 /usr/local/lib/python2.7/site-packages/psiturk/psiturk_js/psiturk.js
2015-03-05 20:55:06,148 /usr/local/lib/python2.7/site-packages/psiturk/psiturk_js/psiturk.js
2015-03-05 20:55:06,227 /usr/local/lib/python2.7/site-packages/psiturk/psiturk_js/psiturk.js
2015-03-05 20:55:06,236 /usr/local/lib/python2.7/site-packages/psiturk/psiturk_js/psiturk.js
2015-03-05 20:55:06,248 /usr/local/lib/python2.7/site-packages/psiturk/psiturk_js/psiturk.js
2015-03-05 20:55:06,281 /usr/local/lib/python2.7/site-packages/psiturk/psiturk_js/psiturk.js
2015-03-05 20:55:06,315 /usr/local/lib/python2.7/site-packages/psiturk/psiturk_js/psiturk.js
2015-03-05 20:55:06,322 /usr/local/lib/python2.7/site-packages/psiturk/psiturk_js/psiturk.js
2015-03-05 20:55:06,344 /usr/local/lib/python2.7/site-packages/psiturk/psiturk_js/psiturk.js
2015-03-05 20:55:06,351 /usr/local/lib/python2.7/site-packages/psiturk/psiturk_js/psiturk.js
2015-03-05 21:07:43,474 /usr/local/lib/python2.7/site-packages/psiturk/psiturk_js/psiturk.js
2015-03-05 21:07:43,476 /usr/local/lib/python2.7/site-packages/psiturk/psiturk_js/psiturk.js
2015-03-05 21:07:43,553 /usr/local/lib/python2.7/site-packages/psiturk/psiturk_js/psiturk.js
2015-03-05 21:07:43,604 /usr/local/lib/python2.7/site-packages/psiturk/psiturk_js/psiturk.js
2015-03-05 21:07:43,874 /usr/local/lib/python2.7/site-packages/psiturk/psiturk_js/psiturk.js
2015-03-05 21:07:44,028 /usr/local/lib/python2.7/site-packages/psiturk/psiturk_js/psiturk.js
2015-03-05 21:07:44,145 /usr/local/lib/python2.7/site-packages/psiturk/psiturk_js/psiturk.js
2015-03-05 21:07:44,274 /usr/local/lib/python2.7/site-packages/psiturk/psiturk_js/psiturk.js
2015-03-05 21:07:44,311 /usr/local/lib/python2.7/site-packages/psiturk/psiturk_js/psiturk.js
2015-03-05 21:07:44,336 /usr/local/lib/python2.7/site-packages/psiturk/psiturk_js/psiturk.js
2015-03-05 21:07:44,371 /usr/local/lib/python2.7/site-packages/psiturk/psiturk_js/psiturk.js
2015-03-05 21:07:44,376 /usr/local/lib/python2.7/site-packages/psiturk/psiturk_js/psiturk.js
2015-03-05 21:07:44,389 /usr/local/lib/python2.7/site-packages/psiturk/psiturk_js/psiturk.js
2015-03-05 21:07:44,404 /usr/local/lib/python2.7/site-packages/psiturk/psiturk_js/psiturk.js
2015-03-05 21:07:44,411 /usr/local/lib/python2.7/site-packages/psiturk/psiturk_js/psiturk.js
2015-03-05 21:07:44,435 /usr/local/lib/python2.7/site-packages/psiturk/psiturk_js/psiturk.js
2015-03-05 21:07:44,444 /usr/local/lib/python2.7/site-packages/psiturk/psiturk_js/psiturk.js
[2015-03-05 21:25:40 -0700] [15185] [CRITICAL] WORKER TIMEOUT (pid:15200)
[2015-03-05 21:25:40 -0700] [15185] [CRITICAL] WORKER TIMEOUT (pid:15201)
[2015-03-05 21:25:40 -0700] [15185] [CRITICAL] WORKER TIMEOUT (pid:15202)
[2015-03-05 21:25:40 -0700] [15185] [CRITICAL] WORKER TIMEOUT (pid:15203)
[2015-03-05 21:25:40 -0700] [15185] [CRITICAL] WORKER TIMEOUT (pid:15204)
[2015-03-05 21:25:40 -0700] [15185] [CRITICAL] WORKER TIMEOUT (pid:15205)
[2015-03-05 21:25:40 -0700] [15185] [CRITICAL] WORKER TIMEOUT (pid:15189)
[2015-03-05 21:25:40 -0700] [15185] [CRITICAL] WORKER TIMEOUT (pid:15190)
[2015-03-05 21:25:40 -0700] [15185] [CRITICAL] WORKER TIMEOUT (pid:15191)
[2015-03-05 21:25:40 -0700] [15185] [CRITICAL] WORKER TIMEOUT (pid:15192)
[2015-03-05 21:25:40 -0700] [15185] [CRITICAL] WORKER TIMEOUT (pid:15193)
[2015-03-05 21:25:40 -0700] [15185] [CRITICAL] WORKER TIMEOUT (pid:15194)
[2015-03-05 21:25:40 -0700] [15185] [CRITICAL] WORKER TIMEOUT (pid:15195)
[2015-03-05 21:25:40 -0700] [15185] [CRITICAL] WORKER TIMEOUT (pid:15196)
[2015-03-05 21:25:40 -0700] [15185] [CRITICAL] WORKER TIMEOUT (pid:15197)
[2015-03-05 21:25:40 -0700] [15185] [CRITICAL] WORKER TIMEOUT (pid:15198)
[2015-03-05 21:25:40 -0700] [15185] [CRITICAL] WORKER TIMEOUT (pid:15199)
2015-03-06 19:43:19,152 /usr/local/lib/python2.7/site-packages/psiturk/psiturk_js/psiturk.js
2015-03-06 19:43:19,226 /usr/local/lib/python2.7/site-packages/psiturk/psiturk_js/psiturk.js
2015-03-06 19:43:19,304 /usr/local/lib/python2.7/site-packages/psiturk/psiturk_js/psiturk.js
2015-03-06 19:43:19,462 /usr/local/lib/python2.7/site-packages/psiturk/psiturk_js/psiturk.js
2015-03-06 19:43:19,613 /usr/local/lib/python2.7/site-packages/psiturk/psiturk_js/psiturk.js
2015-03-06 19:43:19,831 /usr/local/lib/python2.7/site-packages/psiturk/psiturk_js/psiturk.js
2015-03-06 19:43:19,929 /usr/local/lib/python2.7/site-packages/psiturk/psiturk_js/psiturk.js
2015-03-06 19:43:20,005 /usr/local/lib/python2.7/site-packages/psiturk/psiturk_js/psiturk.js
2015-03-06 19:43:20,051 /usr/local/lib/python2.7/site-packages/psiturk/psiturk_js/psiturk.js
2015-03-06 19:43:20,088 /usr/local/lib/python2.7/site-packages/psiturk/psiturk_js/psiturk.js
2015-03-06 19:43:20,091 /usr/local/lib/python2.7/site-packages/psiturk/psiturk_js/psiturk.js
2015-03-06 19:43:20,119 /usr/local/lib/python2.7/site-packages/psiturk/psiturk_js/psiturk.js
2015-03-06 19:43:20,142 /usr/local/lib/python2.7/site-packages/psiturk/psiturk_js/psiturk.js
2015-03-06 19:43:20,163 /usr/local/lib/python2.7/site-packages/psiturk/psiturk_js/psiturk.js
2015-03-06 19:43:20,186 /usr/local/lib/python2.7/site-packages/psiturk/psiturk_js/psiturk.js
2015-03-06 19:43:20,196 /usr/local/lib/python2.7/site-packages/psiturk/psiturk_js/psiturk.js
2015-03-06 19:43:20,233 /usr/local/lib/python2.7/site-packages/psiturk/psiturk_js/psiturk.js
2015-05-03 19:58:07,920 /usr/local/lib/python2.7/site-packages/psiturk/psiturk_js/psiturk.js
2015-05-03 19:58:07,990 /usr/local/lib/python2.7/site-packages/psiturk/psiturk_js/psiturk.js
2015-05-03 19:58:08,202 /usr/local/lib/python2.7/site-packages/psiturk/psiturk_js/psiturk.js
2015-05-03 19:58:08,296 /usr/local/lib/python2.7/site-packages/psiturk/psiturk_js/psiturk.js
2015-05-03 19:58:08,481 /usr/local/lib/python2.7/site-packages/psiturk/psiturk_js/psiturk.js
2015-05-03 19:58:08,704 /usr/local/lib/python2.7/site-packages/psiturk/psiturk_js/psiturk.js
2015-05-03 19:58:08,777 /usr/local/lib/python2.7/site-packages/psiturk/psiturk_js/psiturk.js
2015-05-03 19:58:08,840 /usr/local/lib/python2.7/site-packages/psiturk/psiturk_js/psiturk.js
2015-05-03 19:58:08,851 /usr/local/lib/python2.7/site-packages/psiturk/psiturk_js/psiturk.js
2015-05-03 19:58:08,854 /usr/local/lib/python2.7/site-packages/psiturk/psiturk_js/psiturk.js
2015-05-03 19:58:08,876 /usr/local/lib/python2.7/site-packages/psiturk/psiturk_js/psiturk.js
2015-05-03 19:58:08,879 /usr/local/lib/python2.7/site-packages/psiturk/psiturk_js/psiturk.js
2015-05-03 19:58:08,898 /usr/local/lib/python2.7/site-packages/psiturk/psiturk_js/psiturk.js
2015-05-03 19:58:08,900 /usr/local/lib/python2.7/site-packages/psiturk/psiturk_js/psiturk.js
2015-05-03 19:58:08,910 /usr/local/lib/python2.7/site-packages/psiturk/psiturk_js/psiturk.js
2015-05-03 19:58:08,912 /usr/local/lib/python2.7/site-packages/psiturk/psiturk_js/psiturk.js
2015-05-03 19:58:08,927 /usr/local/lib/python2.7/site-packages/psiturk/psiturk_js/psiturk.js
[2015-05-03 20:13:23 -0600] [37651] [CRITICAL] WORKER TIMEOUT (pid:37664)
[2015-05-03 20:13:23 -0600] [37651] [CRITICAL] WORKER TIMEOUT (pid:37670)
[2015-05-03 20:13:23 -0600] [37651] [CRITICAL] WORKER TIMEOUT (pid:37657)
2015-05-03 20:13:24,594 /usr/local/lib/python2.7/site-packages/psiturk/psiturk_js/psiturk.js
2015-05-03 20:13:24,594 /usr/local/lib/python2.7/site-packages/psiturk/psiturk_js/psiturk.js
2015-05-03 20:13:24,594 /usr/local/lib/python2.7/site-packages/psiturk/psiturk_js/psiturk.js
[2015-05-03 20:43:47 -0600] [37651] [CRITICAL] WORKER TIMEOUT (pid:37665)
[2015-05-03 20:43:47 -0600] [37651] [CRITICAL] WORKER TIMEOUT (pid:37666)
[2015-05-03 20:43:47 -0600] [37651] [CRITICAL] WORKER TIMEOUT (pid:37667)
[2015-05-03 20:43:47 -0600] [37651] [CRITICAL] WORKER TIMEOUT (pid:37668)
[2015-05-03 20:43:47 -0600] [37651] [CRITICAL] WORKER TIMEOUT (pid:37669)
[2015-05-03 20:43:47 -0600] [37651] [CRITICAL] WORKER TIMEOUT (pid:37671)
[2015-05-03 20:43:47 -0600] [37651] [CRITICAL] WORKER TIMEOUT (pid:37655)
[2015-05-03 20:43:47 -0600] [37651] [CRITICAL] WORKER TIMEOUT (pid:37656)
[2015-05-03 20:43:47 -0600] [37651] [CRITICAL] WORKER TIMEOUT (pid:37658)
[2015-05-03 20:43:47 -0600] [37651] [CRITICAL] WORKER TIMEOUT (pid:37659)
[2015-05-03 20:43:47 -0600] [37651] [CRITICAL] WORKER TIMEOUT (pid:37660)
[2015-05-03 20:43:47 -0600] [37651] [CRITICAL] WORKER TIMEOUT (pid:37661)
[2015-05-03 20:43:47 -0600] [37651] [CRITICAL] WORKER TIMEOUT (pid:37662)
[2015-05-03 20:43:47 -0600] [37651] [CRITICAL] WORKER TIMEOUT (pid:37663)
2015-05-03 20:43:47,939 /usr/local/lib/python2.7/site-packages/psiturk/psiturk_js/psiturk.js
2015-05-03 20:43:47,954 /usr/local/lib/python2.7/site-packages/psiturk/psiturk_js/psiturk.js
2015-05-03 20:43:48,066 /usr/local/lib/python2.7/site-packages/psiturk/psiturk_js/psiturk.js
2015-05-03 20:43:48,148 /usr/local/lib/python2.7/site-packages/psiturk/psiturk_js/psiturk.js
2015-05-03 20:43:48,201 /usr/local/lib/python2.7/site-packages/psiturk/psiturk_js/psiturk.js
2015-05-03 20:43:48,214 /usr/local/lib/python2.7/site-packages/psiturk/psiturk_js/psiturk.js
2015-05-03 20:43:48,247 /usr/local/lib/python2.7/site-packages/psiturk/psiturk_js/psiturk.js
2015-05-03 20:43:48,314 /usr/local/lib/python2.7/site-packages/psiturk/psiturk_js/psiturk.js
2015-05-03 20:43:48,379 /usr/local/lib/python2.7/site-packages/psiturk/psiturk_js/psiturk.js
2015-05-03 20:43:48,430 /usr/local/lib/python2.7/site-packages/psiturk/psiturk_js/psiturk.js
2015-05-03 20:43:48,464 /usr/local/lib/python2.7/site-packages/psiturk/psiturk_js/psiturk.js
2015-05-03 20:43:48,494 /usr/local/lib/python2.7/site-packages/psiturk/psiturk_js/psiturk.js
2015-05-03 20:43:48,498 /usr/local/lib/python2.7/site-packages/psiturk/psiturk_js/psiturk.js
2015-05-03 20:43:48,529 /usr/local/lib/python2.7/site-packages/psiturk/psiturk_js/psiturk.js
[2015-05-04 02:47:57 -0600] [37651] [CRITICAL] WORKER TIMEOUT (pid:37792)
[2015-05-04 02:47:57 -0600] [37651] [CRITICAL] WORKER TIMEOUT (pid:37773)
[2015-05-04 02:47:57 -0600] [37651] [CRITICAL] WORKER TIMEOUT (pid:37774)
[2015-05-04 02:47:57 -0600] [37651] [CRITICAL] WORKER TIMEOUT (pid:37775)
[2015-05-04 02:47:57 -0600] [37651] [CRITICAL] WORKER TIMEOUT (pid:37779)
[2015-05-04 02:47:57 -0600] [37651] [CRITICAL] WORKER TIMEOUT (pid:37780)
[2015-05-04 02:47:57 -0600] [37651] [CRITICAL] WORKER TIMEOUT (pid:37781)
[2015-05-04 02:47:57 -0600] [37651] [CRITICAL] WORKER TIMEOUT (pid:37782)
[2015-05-04 02:47:57 -0600] [37651] [CRITICAL] WORKER TIMEOUT (pid:37783)
[2015-05-04 02:47:57 -0600] [37651] [CRITICAL] WORKER TIMEOUT (pid:37784)
[2015-05-04 02:47:57 -0600] [37651] [CRITICAL] WORKER TIMEOUT (pid:37785)
[2015-05-04 02:47:57 -0600] [37651] [CRITICAL] WORKER TIMEOUT (pid:37786)
[2015-05-04 02:47:57 -0600] [37651] [CRITICAL] WORKER TIMEOUT (pid:37787)
[2015-05-04 02:47:57 -0600] [37651] [CRITICAL] WORKER TIMEOUT (pid:37788)
[2015-05-04 02:47:57 -0600] [37651] [CRITICAL] WORKER TIMEOUT (pid:37789)
[2015-05-04 02:47:57 -0600] [37651] [CRITICAL] WORKER TIMEOUT (pid:37790)
[2015-05-04 02:47:57 -0600] [37651] [CRITICAL] WORKER TIMEOUT (pid:37791)
2015-05-04 02:47:57,605 /usr/local/lib/python2.7/site-packages/psiturk/psiturk_js/psiturk.js
2015-05-04 02:47:57,668 /usr/local/lib/python2.7/site-packages/psiturk/psiturk_js/psiturk.js
2015-05-04 02:47:57,669 /usr/local/lib/python2.7/site-packages/psiturk/psiturk_js/psiturk.js
2015-05-04 02:47:57,690 /usr/local/lib/python2.7/site-packages/psiturk/psiturk_js/psiturk.js
2015-05-04 02:47:57,775 /usr/local/lib/python2.7/site-packages/psiturk/psiturk_js/psiturk.js
2015-05-04 02:47:57,776 /usr/local/lib/python2.7/site-packages/psiturk/psiturk_js/psiturk.js
2015-05-04 02:47:57,934 /usr/local/lib/python2.7/site-packages/psiturk/psiturk_js/psiturk.js
2015-05-04 02:47:58,137 /usr/local/lib/python2.7/site-packages/psiturk/psiturk_js/psiturk.js
2015-05-04 02:47:58,195 /usr/local/lib/python2.7/site-packages/psiturk/psiturk_js/psiturk.js
2015-05-04 02:47:58,271 /usr/local/lib/python2.7/site-packages/psiturk/psiturk_js/psiturk.js
2015-05-04 02:47:58,297 /usr/local/lib/python2.7/site-packages/psiturk/psiturk_js/psiturk.js
2015-05-04 02:47:58,304 /usr/local/lib/python2.7/site-packages/psiturk/psiturk_js/psiturk.js
2015-05-04 02:47:58,347 /usr/local/lib/python2.7/site-packages/psiturk/psiturk_js/psiturk.js
2015-05-04 02:47:58,379 /usr/local/lib/python2.7/site-packages/psiturk/psiturk_js/psiturk.js
2015-05-04 02:47:58,383 /usr/local/lib/python2.7/site-packages/psiturk/psiturk_js/psiturk.js
2015-05-04 02:47:58,415 /usr/local/lib/python2.7/site-packages/psiturk/psiturk_js/psiturk.js
2015-05-04 02:47:58,449 /usr/local/lib/python2.7/site-packages/psiturk/psiturk_js/psiturk.js
[2015-05-04 04:01:12 -0600] [37651] [CRITICAL] WORKER TIMEOUT (pid:39201)
[2015-05-04 04:01:12 -0600] [37651] [CRITICAL] WORKER TIMEOUT (pid:39202)
[2015-05-04 04:01:12 -0600] [37651] [CRITICAL] WORKER TIMEOUT (pid:39203)
[2015-05-04 04:01:12 -0600] [37651] [CRITICAL] WORKER TIMEOUT (pid:39204)
[2015-05-04 04:01:12 -0600] [37651] [CRITICAL] WORKER TIMEOUT (pid:39206)
[2015-05-04 04:01:12 -0600] [37651] [CRITICAL] WORKER TIMEOUT (pid:39207)
[2015-05-04 04:01:12 -0600] [37651] [CRITICAL] WORKER TIMEOUT (pid:39209)
[2015-05-04 04:01:12 -0600] [37651] [CRITICAL] WORKER TIMEOUT (pid:39210)
[2015-05-04 04:01:12 -0600] [37651] [CRITICAL] WORKER TIMEOUT (pid:39211)
[2015-05-04 04:01:12 -0600] [37651] [CRITICAL] WORKER TIMEOUT (pid:39212)
[2015-05-04 04:01:12 -0600] [37651] [CRITICAL] WORKER TIMEOUT (pid:39213)
[2015-05-04 04:01:12 -0600] [37651] [CRITICAL] WORKER TIMEOUT (pid:39214)
[2015-05-04 04:01:12 -0600] [37651] [CRITICAL] WORKER TIMEOUT (pid:39215)
[2015-05-04 04:01:12 -0600] [37651] [CRITICAL] WORKER TIMEOUT (pid:39216)
[2015-05-04 04:01:12 -0600] [37651] [CRITICAL] WORKER TIMEOUT (pid:39217)
[2015-05-04 04:01:12 -0600] [37651] [CRITICAL] WORKER TIMEOUT (pid:39218)
[2015-05-04 04:01:12 -0600] [37651] [CRITICAL] WORKER TIMEOUT (pid:39198)
2015-05-04 04:01:15,171 /usr/local/lib/python2.7/site-packages/psiturk/psiturk_js/psiturk.js
2015-05-04 04:01:15,239 /usr/local/lib/python2.7/site-packages/psiturk/psiturk_js/psiturk.js
2015-05-04 04:01:15,244 /usr/local/lib/python2.7/site-packages/psiturk/psiturk_js/psiturk.js
2015-05-04 04:01:15,249 /usr/local/lib/python2.7/site-packages/psiturk/psiturk_js/psiturk.js
2015-05-04 04:01:15,251 /usr/local/lib/python2.7/site-packages/psiturk/psiturk_js/psiturk.js
2015-05-04 04:01:15,251 /usr/local/lib/python2.7/site-packages/psiturk/psiturk_js/psiturk.js
2015-05-04 04:01:15,251 /usr/local/lib/python2.7/site-packages/psiturk/psiturk_js/psiturk.js
2015-05-04 04:01:15,253 /usr/local/lib/python2.7/site-packages/psiturk/psiturk_js/psiturk.js
2015-05-04 04:01:15,258 /usr/local/lib/python2.7/site-packages/psiturk/psiturk_js/psiturk.js
2015-05-04 04:01:15,260 /usr/local/lib/python2.7/site-packages/psiturk/psiturk_js/psiturk.js
2015-05-04 04:01:15,260 /usr/local/lib/python2.7/site-packages/psiturk/psiturk_js/psiturk.js
2015-05-04 04:01:15,262 /usr/local/lib/python2.7/site-packages/psiturk/psiturk_js/psiturk.js
2015-05-04 04:01:15,262 /usr/local/lib/python2.7/site-packages/psiturk/psiturk_js/psiturk.js
2015-05-04 04:01:15,263 /usr/local/lib/python2.7/site-packages/psiturk/psiturk_js/psiturk.js
2015-05-04 04:01:15,264 /usr/local/lib/python2.7/site-packages/psiturk/psiturk_js/psiturk.js
2015-05-04 04:01:15,258 /usr/local/lib/python2.7/site-packages/psiturk/psiturk_js/psiturk.js
2015-05-04 04:01:15,269 /usr/local/lib/python2.7/site-packages/psiturk/psiturk_js/psiturk.js
[2015-05-04 10:03:08 -0600] [37651] [CRITICAL] WORKER TIMEOUT (pid:39680)
[2015-05-04 10:03:08 -0600] [37651] [CRITICAL] WORKER TIMEOUT (pid:39681)
[2015-05-04 10:03:08 -0600] [37651] [CRITICAL] WORKER TIMEOUT (pid:39682)
[2015-05-04 10:03:08 -0600] [37651] [CRITICAL] WORKER TIMEOUT (pid:39683)
[2015-05-04 10:03:08 -0600] [37651] [CRITICAL] WORKER TIMEOUT (pid:39684)
[2015-05-04 10:03:08 -0600] [37651] [CRITICAL] WORKER TIMEOUT (pid:39685)
[2015-05-04 10:03:08 -0600] [37651] [CRITICAL] WORKER TIMEOUT (pid:39686)
[2015-05-04 10:03:08 -0600] [37651] [CRITICAL] WORKER TIMEOUT (pid:39687)
[2015-05-04 10:03:08 -0600] [37651] [CRITICAL] WORKER TIMEOUT (pid:39688)
[2015-05-04 10:03:08 -0600] [37651] [CRITICAL] WORKER TIMEOUT (pid:39689)
[2015-05-04 10:03:08 -0600] [37651] [CRITICAL] WORKER TIMEOUT (pid:39690)
[2015-05-04 10:03:08 -0600] [37651] [CRITICAL] WORKER TIMEOUT (pid:39691)
[2015-05-04 10:03:08 -0600] [37651] [CRITICAL] WORKER TIMEOUT (pid:39692)
[2015-05-04 10:03:08 -0600] [37651] [CRITICAL] WORKER TIMEOUT (pid:39693)
[2015-05-04 10:03:08 -0600] [37651] [CRITICAL] WORKER TIMEOUT (pid:39694)
[2015-05-04 10:03:08 -0600] [37651] [CRITICAL] WORKER TIMEOUT (pid:39678)
[2015-05-04 10:03:08 -0600] [37651] [CRITICAL] WORKER TIMEOUT (pid:39679)
2015-05-04 10:03:12,389 /usr/local/lib/python2.7/site-packages/psiturk/psiturk_js/psiturk.js
2015-05-04 10:03:12,394 /usr/local/lib/python2.7/site-packages/psiturk/psiturk_js/psiturk.js
2015-05-04 10:03:12,397 /usr/local/lib/python2.7/site-packages/psiturk/psiturk_js/psiturk.js
2015-05-04 10:03:12,406 /usr/local/lib/python2.7/site-packages/psiturk/psiturk_js/psiturk.js
2015-05-04 10:03:12,395 /usr/local/lib/python2.7/site-packages/psiturk/psiturk_js/psiturk.js
2015-05-04 10:03:12,453 /usr/local/lib/python2.7/site-packages/psiturk/psiturk_js/psiturk.js
2015-05-04 10:03:12,543 /usr/local/lib/python2.7/site-packages/psiturk/psiturk_js/psiturk.js
2015-05-04 10:03:12,577 /usr/local/lib/python2.7/site-packages/psiturk/psiturk_js/psiturk.js
2015-05-04 10:03:12,601 /usr/local/lib/python2.7/site-packages/psiturk/psiturk_js/psiturk.js
2015-05-04 10:03:12,611 /usr/local/lib/python2.7/site-packages/psiturk/psiturk_js/psiturk.js
2015-05-04 10:03:12,618 /usr/local/lib/python2.7/site-packages/psiturk/psiturk_js/psiturk.js
2015-05-04 10:03:12,665 /usr/local/lib/python2.7/site-packages/psiturk/psiturk_js/psiturk.js
2015-05-04 10:03:12,708 /usr/local/lib/python2.7/site-packages/psiturk/psiturk_js/psiturk.js
2015-05-04 10:03:12,740 /usr/local/lib/python2.7/site-packages/psiturk/psiturk_js/psiturk.js
2015-05-04 10:03:12,749 /usr/local/lib/python2.7/site-packages/psiturk/psiturk_js/psiturk.js
2015-05-04 10:03:12,773 /usr/local/lib/python2.7/site-packages/psiturk/psiturk_js/psiturk.js
2015-05-04 10:03:12,794 /usr/local/lib/python2.7/site-packages/psiturk/psiturk_js/psiturk.js
[2015-05-04 11:04:06 -0600] [37651] [CRITICAL] WORKER TIMEOUT (pid:40737)
[2015-05-04 11:04:06 -0600] [37651] [CRITICAL] WORKER TIMEOUT (pid:40738)
[2015-05-04 11:04:06 -0600] [37651] [CRITICAL] WORKER TIMEOUT (pid:40739)
[2015-05-04 11:04:06 -0600] [37651] [CRITICAL] WORKER TIMEOUT (pid:40740)
[2015-05-04 11:04:06 -0600] [37651] [CRITICAL] WORKER TIMEOUT (pid:40741)
[2015-05-04 11:04:06 -0600] [37651] [CRITICAL] WORKER TIMEOUT (pid:40742)
[2015-05-04 11:04:06 -0600] [37651] [CRITICAL] WORKER TIMEOUT (pid:40743)
[2015-05-04 11:04:06 -0600] [37651] [CRITICAL] WORKER TIMEOUT (pid:40744)
[2015-05-04 11:04:06 -0600] [37651] [CRITICAL] WORKER TIMEOUT (pid:40745)
[2015-05-04 11:04:06 -0600] [37651] [CRITICAL] WORKER TIMEOUT (pid:40746)
[2015-05-04 11:04:06 -0600] [37651] [CRITICAL] WORKER TIMEOUT (pid:40747)
[2015-05-04 11:04:06 -0600] [37651] [CRITICAL] WORKER TIMEOUT (pid:40748)
[2015-05-04 11:04:06 -0600] [37651] [CRITICAL] WORKER TIMEOUT (pid:40749)
[2015-05-04 11:04:06 -0600] [37651] [CRITICAL] WORKER TIMEOUT (pid:40750)
2015-05-04 11:04:07,688 /usr/local/lib/python2.7/site-packages/psiturk/psiturk_js/psiturk.js
2015-05-04 11:04:07,734 /usr/local/lib/python2.7/site-packages/psiturk/psiturk_js/psiturk.js
2015-05-04 11:04:07,813 /usr/local/lib/python2.7/site-packages/psiturk/psiturk_js/psiturk.js
2015-05-04 11:04:07,824 /usr/local/lib/python2.7/site-packages/psiturk/psiturk_js/psiturk.js
2015-05-04 11:04:07,920 /usr/local/lib/python2.7/site-packages/psiturk/psiturk_js/psiturk.js
2015-05-04 11:04:08,054 /usr/local/lib/python2.7/site-packages/psiturk/psiturk_js/psiturk.js
2015-05-04 11:04:08,133 /usr/local/lib/python2.7/site-packages/psiturk/psiturk_js/psiturk.js
2015-05-04 11:04:08,134 /usr/local/lib/python2.7/site-packages/psiturk/psiturk_js/psiturk.js
2015-05-04 11:04:08,210 /usr/local/lib/python2.7/site-packages/psiturk/psiturk_js/psiturk.js
2015-05-04 11:04:08,215 /usr/local/lib/python2.7/site-packages/psiturk/psiturk_js/psiturk.js
2015-05-04 11:04:08,253 /usr/local/lib/python2.7/site-packages/psiturk/psiturk_js/psiturk.js
2015-05-04 11:04:08,288 /usr/local/lib/python2.7/site-packages/psiturk/psiturk_js/psiturk.js
2015-05-04 11:04:08,291 /usr/local/lib/python2.7/site-packages/psiturk/psiturk_js/psiturk.js
2015-05-04 11:04:08,300 /usr/local/lib/python2.7/site-packages/psiturk/psiturk_js/psiturk.js
[2015-05-04 11:23:49 -0600] [37651] [CRITICAL] WORKER TIMEOUT (pid:40768)
[2015-05-04 11:23:49 -0600] [37651] [CRITICAL] WORKER TIMEOUT (pid:40769)
[2015-05-04 11:23:49 -0600] [37651] [CRITICAL] WORKER TIMEOUT (pid:40770)
[2015-05-04 11:23:49 -0600] [37651] [CRITICAL] WORKER TIMEOUT (pid:40771)
[2015-05-04 11:23:49 -0600] [37651] [CRITICAL] WORKER TIMEOUT (pid:40772)
[2015-05-04 11:23:49 -0600] [37651] [CRITICAL] WORKER TIMEOUT (pid:40773)
[2015-05-04 11:23:49 -0600] [37651] [CRITICAL] WORKER TIMEOUT (pid:40774)
[2015-05-04 11:23:49 -0600] [37651] [CRITICAL] WORKER TIMEOUT (pid:40766)
[2015-05-04 11:23:49 -0600] [37651] [CRITICAL] WORKER TIMEOUT (pid:40767)
2015-05-04 11:23:50,391 /usr/local/lib/python2.7/site-packages/psiturk/psiturk_js/psiturk.js
2015-05-04 11:23:50,419 /usr/local/lib/python2.7/site-packages/psiturk/psiturk_js/psiturk.js
2015-05-04 11:23:50,437 /usr/local/lib/python2.7/site-packages/psiturk/psiturk_js/psiturk.js
2015-05-04 11:23:50,461 /usr/local/lib/python2.7/site-packages/psiturk/psiturk_js/psiturk.js
2015-05-04 11:23:50,533 /usr/local/lib/python2.7/site-packages/psiturk/psiturk_js/psiturk.js
2015-05-04 11:23:50,598 /usr/local/lib/python2.7/site-packages/psiturk/psiturk_js/psiturk.js
2015-05-04 11:23:50,688 /usr/local/lib/python2.7/site-packages/psiturk/psiturk_js/psiturk.js
2015-05-04 11:23:50,743 /usr/local/lib/python2.7/site-packages/psiturk/psiturk_js/psiturk.js
2015-05-04 11:23:50,761 /usr/local/lib/python2.7/site-packages/psiturk/psiturk_js/psiturk.js
[2015-05-04 11:25:18 -0600] [37651] [CRITICAL] WORKER TIMEOUT (pid:40751)
[2015-05-04 11:25:18 -0600] [37651] [CRITICAL] WORKER TIMEOUT (pid:40752)
[2015-05-04 11:25:18 -0600] [37651] [CRITICAL] WORKER TIMEOUT (pid:40753)
[2015-05-04 11:25:18 -0600] [37651] [CRITICAL] WORKER TIMEOUT (pid:40761)
[2015-05-04 11:25:18 -0600] [37651] [CRITICAL] WORKER TIMEOUT (pid:40762)
[2015-05-04 11:25:18 -0600] [37651] [CRITICAL] WORKER TIMEOUT (pid:40763)
[2015-05-04 11:25:18 -0600] [37651] [CRITICAL] WORKER TIMEOUT (pid:40764)
[2015-05-04 11:25:18 -0600] [37651] [CRITICAL] WORKER TIMEOUT (pid:40765)
[2015-05-04 11:25:18 -0600] [37651] [CRITICAL] WORKER TIMEOUT (pid:40778)
[2015-05-04 11:25:18 -0600] [37651] [CRITICAL] WORKER TIMEOUT (pid:40779)
[2015-05-04 11:25:18 -0600] [37651] [CRITICAL] WORKER TIMEOUT (pid:40780)
[2015-05-04 11:25:18 -0600] [37651] [CRITICAL] WORKER TIMEOUT (pid:40781)
[2015-05-04 11:25:18 -0600] [37651] [CRITICAL] WORKER TIMEOUT (pid:40782)
[2015-05-04 11:25:18 -0600] [37651] [CRITICAL] WORKER TIMEOUT (pid:40783)
[2015-05-04 11:25:18 -0600] [37651] [CRITICAL] WORKER TIMEOUT (pid:40784)
[2015-05-04 11:25:18 -0600] [37651] [CRITICAL] WORKER TIMEOUT (pid:40785)
[2015-05-04 11:25:18 -0600] [37651] [CRITICAL] WORKER TIMEOUT (pid:40786)
2015-05-04 11:25:19,722 /usr/local/lib/python2.7/site-packages/psiturk/psiturk_js/psiturk.js
2015-05-04 11:25:19,787 /usr/local/lib/python2.7/site-packages/psiturk/psiturk_js/psiturk.js
2015-05-04 11:25:19,862 /usr/local/lib/python2.7/site-packages/psiturk/psiturk_js/psiturk.js
2015-05-04 11:25:19,924 /usr/local/lib/python2.7/site-packages/psiturk/psiturk_js/psiturk.js
2015-05-04 11:25:19,937 /usr/local/lib/python2.7/site-packages/psiturk/psiturk_js/psiturk.js
2015-05-04 11:25:20,053 /usr/local/lib/python2.7/site-packages/psiturk/psiturk_js/psiturk.js
2015-05-04 11:25:20,127 /usr/local/lib/python2.7/site-packages/psiturk/psiturk_js/psiturk.js
2015-05-04 11:25:20,236 /usr/local/lib/python2.7/site-packages/psiturk/psiturk_js/psiturk.js
2015-05-04 11:25:20,361 /usr/local/lib/python2.7/site-packages/psiturk/psiturk_js/psiturk.js
2015-05-04 11:25:20,395 /usr/local/lib/python2.7/site-packages/psiturk/psiturk_js/psiturk.js
2015-05-04 11:25:20,467 /usr/local/lib/python2.7/site-packages/psiturk/psiturk_js/psiturk.js
2015-05-04 11:25:20,470 /usr/local/lib/python2.7/site-packages/psiturk/psiturk_js/psiturk.js
2015-05-04 11:25:20,523 /usr/local/lib/python2.7/site-packages/psiturk/psiturk_js/psiturk.js
2015-05-04 11:25:20,595 /usr/local/lib/python2.7/site-packages/psiturk/psiturk_js/psiturk.js
2015-05-04 11:25:20,631 /usr/local/lib/python2.7/site-packages/psiturk/psiturk_js/psiturk.js
2015-05-04 11:25:20,673 /usr/local/lib/python2.7/site-packages/psiturk/psiturk_js/psiturk.js
2015-05-04 11:25:20,713 /usr/local/lib/python2.7/site-packages/psiturk/psiturk_js/psiturk.js
[2015-05-04 15:46:07 -0600] [37651] [CRITICAL] WORKER TIMEOUT (pid:40803)
[2015-05-04 15:46:07 -0600] [37651] [CRITICAL] WORKER TIMEOUT (pid:40804)
[2015-05-04 15:46:07 -0600] [37651] [CRITICAL] WORKER TIMEOUT (pid:40805)
[2015-05-04 15:46:07 -0600] [37651] [CRITICAL] WORKER TIMEOUT (pid:40806)
[2015-05-04 15:46:07 -0600] [37651] [CRITICAL] WORKER TIMEOUT (pid:40807)
[2015-05-04 15:46:07 -0600] [37651] [CRITICAL] WORKER TIMEOUT (pid:40808)
[2015-05-04 15:46:07 -0600] [37651] [CRITICAL] WORKER TIMEOUT (pid:40809)
[2015-05-04 15:46:07 -0600] [37651] [CRITICAL] WORKER TIMEOUT (pid:40810)
[2015-05-04 15:46:07 -0600] [37651] [CRITICAL] WORKER TIMEOUT (pid:40811)
[2015-05-04 15:46:07 -0600] [37651] [CRITICAL] WORKER TIMEOUT (pid:40812)
[2015-05-04 15:46:07 -0600] [37651] [CRITICAL] WORKER TIMEOUT (pid:40813)
[2015-05-04 15:46:07 -0600] [37651] [CRITICAL] WORKER TIMEOUT (pid:40814)
[2015-05-04 15:46:07 -0600] [37651] [CRITICAL] WORKER TIMEOUT (pid:40815)
[2015-05-04 15:46:07 -0600] [37651] [CRITICAL] WORKER TIMEOUT (pid:40816)
[2015-05-04 15:46:07 -0600] [37651] [CRITICAL] WORKER TIMEOUT (pid:40817)
[2015-05-04 15:46:07 -0600] [37651] [CRITICAL] WORKER TIMEOUT (pid:40818)
[2015-05-04 15:46:07 -0600] [37651] [CRITICAL] WORKER TIMEOUT (pid:40819)
2015-05-06 20:39:35,850 /usr/local/lib/python2.7/site-packages/psiturk/psiturk_js/psiturk.js
2015-05-06 20:39:35,930 /usr/local/lib/python2.7/site-packages/psiturk/psiturk_js/psiturk.js
2015-05-06 20:39:36,269 /usr/local/lib/python2.7/site-packages/psiturk/psiturk_js/psiturk.js
2015-05-06 20:39:36,436 /usr/local/lib/python2.7/site-packages/psiturk/psiturk_js/psiturk.js
2015-05-06 20:39:36,577 /usr/local/lib/python2.7/site-packages/psiturk/psiturk_js/psiturk.js
2015-05-06 20:39:36,617 /usr/local/lib/python2.7/site-packages/psiturk/psiturk_js/psiturk.js
2015-05-06 20:39:36,639 /usr/local/lib/python2.7/site-packages/psiturk/psiturk_js/psiturk.js
2015-05-06 20:39:36,684 /usr/local/lib/python2.7/site-packages/psiturk/psiturk_js/psiturk.js
2015-05-06 20:39:36,700 /usr/local/lib/python2.7/site-packages/psiturk/psiturk_js/psiturk.js
2015-05-06 20:39:36,753 /usr/local/lib/python2.7/site-packages/psiturk/psiturk_js/psiturk.js
2015-05-06 20:39:36,755 /usr/local/lib/python2.7/site-packages/psiturk/psiturk_js/psiturk.js
2015-05-06 20:39:36,761 /usr/local/lib/python2.7/site-packages/psiturk/psiturk_js/psiturk.js
2015-05-06 20:39:36,774 /usr/local/lib/python2.7/site-packages/psiturk/psiturk_js/psiturk.js
2015-05-06 20:39:36,788 /usr/local/lib/python2.7/site-packages/psiturk/psiturk_js/psiturk.js
2015-05-06 20:39:36,803 /usr/local/lib/python2.7/site-packages/psiturk/psiturk_js/psiturk.js
2015-05-06 20:39:36,811 /usr/local/lib/python2.7/site-packages/psiturk/psiturk_js/psiturk.js
2015-05-06 20:39:36,824 /usr/local/lib/python2.7/site-packages/psiturk/psiturk_js/psiturk.js
[2015-05-06 22:01:51 -0600] [56034] [CRITICAL] WORKER TIMEOUT (pid:56038)
[2015-05-06 22:01:51 -0600] [56034] [CRITICAL] WORKER TIMEOUT (pid:56039)
[2015-05-06 22:01:51 -0600] [56034] [CRITICAL] WORKER TIMEOUT (pid:56040)
[2015-05-06 22:01:51 -0600] [56034] [CRITICAL] WORKER TIMEOUT (pid:56041)
[2015-05-06 22:01:51 -0600] [56034] [CRITICAL] WORKER TIMEOUT (pid:56042)
[2015-05-06 22:01:51 -0600] [56034] [CRITICAL] WORKER TIMEOUT (pid:56043)
[2015-05-06 22:01:51 -0600] [56034] [CRITICAL] WORKER TIMEOUT (pid:56044)
[2015-05-06 22:01:51 -0600] [56034] [CRITICAL] WORKER TIMEOUT (pid:56045)
[2015-05-06 22:01:51 -0600] [56034] [CRITICAL] WORKER TIMEOUT (pid:56046)
[2015-05-06 22:01:51 -0600] [56034] [CRITICAL] WORKER TIMEOUT (pid:56047)
[2015-05-06 22:01:51 -0600] [56034] [CRITICAL] WORKER TIMEOUT (pid:56048)
[2015-05-06 22:01:51 -0600] [56034] [CRITICAL] WORKER TIMEOUT (pid:56049)
[2015-05-06 22:01:51 -0600] [56034] [CRITICAL] WORKER TIMEOUT (pid:56050)
[2015-05-06 22:01:51 -0600] [56034] [CRITICAL] WORKER TIMEOUT (pid:56051)
[2015-05-06 22:01:51 -0600] [56034] [CRITICAL] WORKER TIMEOUT (pid:56052)
[2015-05-06 22:01:51 -0600] [56034] [CRITICAL] WORKER TIMEOUT (pid:56053)
[2015-05-06 22:01:51 -0600] [56034] [CRITICAL] WORKER TIMEOUT (pid:56054)
2015-05-06 22:01:56,578 /usr/local/lib/python2.7/site-packages/psiturk/psiturk_js/psiturk.js
2015-05-06 22:01:56,587 /usr/local/lib/python2.7/site-packages/psiturk/psiturk_js/psiturk.js
2015-05-06 22:01:56,570 /usr/local/lib/python2.7/site-packages/psiturk/psiturk_js/psiturk.js
2015-05-06 22:01:56,602 /usr/local/lib/python2.7/site-packages/psiturk/psiturk_js/psiturk.js
2015-05-06 22:01:56,667 /usr/local/lib/python2.7/site-packages/psiturk/psiturk_js/psiturk.js
2015-05-06 22:01:56,760 /usr/local/lib/python2.7/site-packages/psiturk/psiturk_js/psiturk.js
2015-05-06 22:01:56,979 /usr/local/lib/python2.7/site-packages/psiturk/psiturk_js/psiturk.js
2015-05-06 22:01:57,165 /usr/local/lib/python2.7/site-packages/psiturk/psiturk_js/psiturk.js
2015-05-06 22:01:57,171 /usr/local/lib/python2.7/site-packages/psiturk/psiturk_js/psiturk.js
2015-05-06 22:01:57,181 /usr/local/lib/python2.7/site-packages/psiturk/psiturk_js/psiturk.js
2015-05-06 22:01:57,242 /usr/local/lib/python2.7/site-packages/psiturk/psiturk_js/psiturk.js
2015-05-06 22:01:57,286 /usr/local/lib/python2.7/site-packages/psiturk/psiturk_js/psiturk.js
2015-05-06 22:01:57,291 /usr/local/lib/python2.7/site-packages/psiturk/psiturk_js/psiturk.js
2015-05-06 22:01:57,306 /usr/local/lib/python2.7/site-packages/psiturk/psiturk_js/psiturk.js
2015-05-06 22:01:57,348 /usr/local/lib/python2.7/site-packages/psiturk/psiturk_js/psiturk.js
2015-05-06 22:01:57,383 /usr/local/lib/python2.7/site-packages/psiturk/psiturk_js/psiturk.js
2015-05-06 22:01:57,406 /usr/local/lib/python2.7/site-packages/psiturk/psiturk_js/psiturk.js
[2015-05-07 02:15:16 -0600] [56034] [CRITICAL] WORKER TIMEOUT (pid:56576)
[2015-05-07 02:15:16 -0600] [56034] [CRITICAL] WORKER TIMEOUT (pid:56577)
[2015-05-07 02:15:16 -0600] [56034] [CRITICAL] WORKER TIMEOUT (pid:56578)
[2015-05-07 02:15:16 -0600] [56034] [CRITICAL] WORKER TIMEOUT (pid:56579)
[2015-05-07 02:15:16 -0600] [56034] [CRITICAL] WORKER TIMEOUT (pid:56580)
[2015-05-07 02:15:16 -0600] [56034] [CRITICAL] WORKER TIMEOUT (pid:56564)
[2015-05-07 02:15:16 -0600] [56034] [CRITICAL] WORKER TIMEOUT (pid:56565)
[2015-05-07 02:15:16 -0600] [56034] [CRITICAL] WORKER TIMEOUT (pid:56566)
[2015-05-07 02:15:16 -0600] [56034] [CRITICAL] WORKER TIMEOUT (pid:56567)
[2015-05-07 02:15:16 -0600] [56034] [CRITICAL] WORKER TIMEOUT (pid:56568)
[2015-05-07 02:15:16 -0600] [56034] [CRITICAL] WORKER TIMEOUT (pid:56569)
[2015-05-07 02:15:16 -0600] [56034] [CRITICAL] WORKER TIMEOUT (pid:56570)
[2015-05-07 02:15:16 -0600] [56034] [CRITICAL] WORKER TIMEOUT (pid:56571)
[2015-05-07 02:15:16 -0600] [56034] [CRITICAL] WORKER TIMEOUT (pid:56572)
[2015-05-07 02:15:16 -0600] [56034] [CRITICAL] WORKER TIMEOUT (pid:56573)
[2015-05-07 02:15:16 -0600] [56034] [CRITICAL] WORKER TIMEOUT (pid:56574)
[2015-05-07 02:15:16 -0600] [56034] [CRITICAL] WORKER TIMEOUT (pid:56575)
2015-05-07 02:15:17,882 /usr/local/lib/python2.7/site-packages/psiturk/psiturk_js/psiturk.js
2015-05-07 02:15:17,885 /usr/local/lib/python2.7/site-packages/psiturk/psiturk_js/psiturk.js
2015-05-07 02:15:17,885 /usr/local/lib/python2.7/site-packages/psiturk/psiturk_js/psiturk.js
2015-05-07 02:15:17,893 /usr/local/lib/python2.7/site-packages/psiturk/psiturk_js/psiturk.js
2015-05-07 02:15:17,902 /usr/local/lib/python2.7/site-packages/psiturk/psiturk_js/psiturk.js
2015-05-07 02:15:18,095 /usr/local/lib/python2.7/site-packages/psiturk/psiturk_js/psiturk.js
2015-05-07 02:15:18,134 /usr/local/lib/python2.7/site-packages/psiturk/psiturk_js/psiturk.js
2015-05-07 02:15:18,265 /usr/local/lib/python2.7/site-packages/psiturk/psiturk_js/psiturk.js
2015-05-07 02:15:18,317 /usr/local/lib/python2.7/site-packages/psiturk/psiturk_js/psiturk.js
2015-05-07 02:15:18,347 /usr/local/lib/python2.7/site-packages/psiturk/psiturk_js/psiturk.js
2015-05-07 02:15:18,351 /usr/local/lib/python2.7/site-packages/psiturk/psiturk_js/psiturk.js
2015-05-07 02:15:18,353 /usr/local/lib/python2.7/site-packages/psiturk/psiturk_js/psiturk.js
2015-05-07 02:15:18,388 /usr/local/lib/python2.7/site-packages/psiturk/psiturk_js/psiturk.js
2015-05-07 02:15:18,411 /usr/local/lib/python2.7/site-packages/psiturk/psiturk_js/psiturk.js
2015-05-07 02:15:18,419 /usr/local/lib/python2.7/site-packages/psiturk/psiturk_js/psiturk.js
2015-05-07 02:15:18,436 /usr/local/lib/python2.7/site-packages/psiturk/psiturk_js/psiturk.js
2015-05-07 02:15:18,442 /usr/local/lib/python2.7/site-packages/psiturk/psiturk_js/psiturk.js
[2015-05-07 02:36:40 -0600] [58214] [ERROR] Socket error processing request.
Traceback (most recent call last):
  File "/usr/local/lib/python2.7/site-packages/gunicorn/workers/sync.py", line 93, in handle
    self.handle_request(listener, req, client, addr)
  File "/usr/local/lib/python2.7/site-packages/gunicorn/workers/sync.py", line 150, in handle_request
    six.reraise(exc_info[0], exc_info[1], exc_info[2])
  File "/usr/local/lib/python2.7/site-packages/gunicorn/workers/sync.py", line 140, in handle_request
    resp.write(item)
  File "/usr/local/lib/python2.7/site-packages/gunicorn/http/wsgi.py", line 344, in write
    util.write(self.sock, arg, self.chunked)
  File "/usr/local/lib/python2.7/site-packages/gunicorn/util.py", line 301, in write
    sock.sendall(data)
  File "/usr/local/Cellar/python/2.7.8_1/Frameworks/Python.framework/Versions/2.7/lib/python2.7/socket.py", line 224, in meth
    return getattr(self._sock,name)(*args)
error: [Errno 41] Protocol wrong type for socket
[2015-05-07 13:29:06 -0600] [56034] [CRITICAL] WORKER TIMEOUT (pid:58212)
[2015-05-07 13:29:06 -0600] [56034] [CRITICAL] WORKER TIMEOUT (pid:58224)
2015-05-07 13:29:10,254 /usr/local/lib/python2.7/site-packages/psiturk/psiturk_js/psiturk.js
2015-05-07 13:29:10,256 /usr/local/lib/python2.7/site-packages/psiturk/psiturk_js/psiturk.js
[2015-05-07 14:21:00 -0600] [56034] [CRITICAL] WORKER TIMEOUT (pid:60273)
[2015-05-07 14:21:00 -0600] [56034] [CRITICAL] WORKER TIMEOUT (pid:58213)
[2015-05-07 14:21:00 -0600] [56034] [CRITICAL] WORKER TIMEOUT (pid:58214)
[2015-05-07 14:21:00 -0600] [56034] [CRITICAL] WORKER TIMEOUT (pid:58215)
[2015-05-07 14:21:00 -0600] [56034] [CRITICAL] WORKER TIMEOUT (pid:58216)
[2015-05-07 14:21:00 -0600] [56034] [CRITICAL] WORKER TIMEOUT (pid:58217)
[2015-05-07 14:21:00 -0600] [56034] [CRITICAL] WORKER TIMEOUT (pid:58218)
[2015-05-07 14:21:00 -0600] [56034] [CRITICAL] WORKER TIMEOUT (pid:58219)
[2015-05-07 14:21:00 -0600] [56034] [CRITICAL] WORKER TIMEOUT (pid:58220)
[2015-05-07 14:21:00 -0600] [56034] [CRITICAL] WORKER TIMEOUT (pid:58221)
[2015-05-07 14:21:00 -0600] [56034] [CRITICAL] WORKER TIMEOUT (pid:58222)
[2015-05-07 14:21:00 -0600] [56034] [CRITICAL] WORKER TIMEOUT (pid:58223)
[2015-05-07 14:21:00 -0600] [56034] [CRITICAL] WORKER TIMEOUT (pid:60272)
[2015-05-07 14:21:00 -0600] [56034] [CRITICAL] WORKER TIMEOUT (pid:58225)
[2015-05-07 14:21:00 -0600] [56034] [CRITICAL] WORKER TIMEOUT (pid:58226)
[2015-05-07 14:21:00 -0600] [56034] [CRITICAL] WORKER TIMEOUT (pid:58227)
[2015-05-07 14:21:00 -0600] [56034] [CRITICAL] WORKER TIMEOUT (pid:58228)
2015-05-07 14:21:01,818 /usr/local/lib/python2.7/site-packages/psiturk/psiturk_js/psiturk.js
2015-05-07 14:21:01,825 /usr/local/lib/python2.7/site-packages/psiturk/psiturk_js/psiturk.js
2015-05-07 14:21:01,830 /usr/local/lib/python2.7/site-packages/psiturk/psiturk_js/psiturk.js
2015-05-07 14:21:01,845 /usr/local/lib/python2.7/site-packages/psiturk/psiturk_js/psiturk.js
2015-05-07 14:21:01,901 /usr/local/lib/python2.7/site-packages/psiturk/psiturk_js/psiturk.js
2015-05-07 14:21:01,957 /usr/local/lib/python2.7/site-packages/psiturk/psiturk_js/psiturk.js
2015-05-07 14:21:01,985 /usr/local/lib/python2.7/site-packages/psiturk/psiturk_js/psiturk.js
2015-05-07 14:21:02,084 /usr/local/lib/python2.7/site-packages/psiturk/psiturk_js/psiturk.js
2015-05-07 14:21:02,221 /usr/local/lib/python2.7/site-packages/psiturk/psiturk_js/psiturk.js
2015-05-07 14:21:02,241 /usr/local/lib/python2.7/site-packages/psiturk/psiturk_js/psiturk.js
2015-05-07 14:21:02,253 /usr/local/lib/python2.7/site-packages/psiturk/psiturk_js/psiturk.js
2015-05-07 14:21:02,297 /usr/local/lib/python2.7/site-packages/psiturk/psiturk_js/psiturk.js
2015-05-07 14:21:02,319 /usr/local/lib/python2.7/site-packages/psiturk/psiturk_js/psiturk.js
2015-05-07 14:21:02,326 /usr/local/lib/python2.7/site-packages/psiturk/psiturk_js/psiturk.js
2015-05-07 14:21:02,342 /usr/local/lib/python2.7/site-packages/psiturk/psiturk_js/psiturk.js
2015-05-07 14:21:02,367 /usr/local/lib/python2.7/site-packages/psiturk/psiturk_js/psiturk.js
2015-05-07 14:21:02,369 /usr/local/lib/python2.7/site-packages/psiturk/psiturk_js/psiturk.js
[2015-05-07 14:34:35 -0600] [56034] [CRITICAL] WORKER TIMEOUT (pid:60584)
[2015-05-07 14:34:35 -0600] [56034] [CRITICAL] WORKER TIMEOUT (pid:60585)
[2015-05-07 14:34:35 -0600] [56034] [CRITICAL] WORKER TIMEOUT (pid:60586)
[2015-05-07 14:34:35 -0600] [56034] [CRITICAL] WORKER TIMEOUT (pid:60587)
[2015-05-07 14:34:35 -0600] [56034] [CRITICAL] WORKER TIMEOUT (pid:60588)
[2015-05-07 14:34:35 -0600] [56034] [CRITICAL] WORKER TIMEOUT (pid:60589)
[2015-05-07 14:34:35 -0600] [56034] [CRITICAL] WORKER TIMEOUT (pid:60590)
[2015-05-07 14:34:35 -0600] [56034] [CRITICAL] WORKER TIMEOUT (pid:60591)
[2015-05-07 14:34:35 -0600] [56034] [CRITICAL] WORKER TIMEOUT (pid:60592)
[2015-05-07 14:34:35 -0600] [56034] [CRITICAL] WORKER TIMEOUT (pid:60593)
[2015-05-07 14:34:35 -0600] [56034] [CRITICAL] WORKER TIMEOUT (pid:60594)
[2015-05-07 14:34:35 -0600] [56034] [CRITICAL] WORKER TIMEOUT (pid:60595)
[2015-05-07 14:34:35 -0600] [56034] [CRITICAL] WORKER TIMEOUT (pid:60596)
[2015-05-07 14:34:35 -0600] [56034] [CRITICAL] WORKER TIMEOUT (pid:60597)
[2015-05-07 14:34:35 -0600] [56034] [CRITICAL] WORKER TIMEOUT (pid:60598)
[2015-05-07 14:34:35 -0600] [56034] [CRITICAL] WORKER TIMEOUT (pid:60599)
[2015-05-07 14:34:35 -0600] [56034] [CRITICAL] WORKER TIMEOUT (pid:60583)
2015-05-07 14:34:36,937 /usr/local/lib/python2.7/site-packages/psiturk/psiturk_js/psiturk.js
2015-05-07 14:34:36,959 /usr/local/lib/python2.7/site-packages/psiturk/psiturk_js/psiturk.js
2015-05-07 14:34:36,961 /usr/local/lib/python2.7/site-packages/psiturk/psiturk_js/psiturk.js
2015-05-07 14:34:37,051 /usr/local/lib/python2.7/site-packages/psiturk/psiturk_js/psiturk.js
2015-05-07 14:34:37,128 /usr/local/lib/python2.7/site-packages/psiturk/psiturk_js/psiturk.js
2015-05-07 14:34:37,235 /usr/local/lib/python2.7/site-packages/psiturk/psiturk_js/psiturk.js
2015-05-07 14:34:37,351 /usr/local/lib/python2.7/site-packages/psiturk/psiturk_js/psiturk.js
2015-05-07 14:34:37,444 /usr/local/lib/python2.7/site-packages/psiturk/psiturk_js/psiturk.js
2015-05-07 14:34:37,494 /usr/local/lib/python2.7/site-packages/psiturk/psiturk_js/psiturk.js
2015-05-07 14:34:37,531 /usr/local/lib/python2.7/site-packages/psiturk/psiturk_js/psiturk.js
2015-05-07 14:34:37,574 /usr/local/lib/python2.7/site-packages/psiturk/psiturk_js/psiturk.js
2015-05-07 14:34:37,608 /usr/local/lib/python2.7/site-packages/psiturk/psiturk_js/psiturk.js
2015-05-07 14:34:37,608 /usr/local/lib/python2.7/site-packages/psiturk/psiturk_js/psiturk.js
2015-05-07 14:34:37,629 /usr/local/lib/python2.7/site-packages/psiturk/psiturk_js/psiturk.js
2015-05-07 14:34:37,637 /usr/local/lib/python2.7/site-packages/psiturk/psiturk_js/psiturk.js
2015-05-07 14:34:37,648 /usr/local/lib/python2.7/site-packages/psiturk/psiturk_js/psiturk.js
2015-05-07 14:34:37,649 /usr/local/lib/python2.7/site-packages/psiturk/psiturk_js/psiturk.js
[2015-05-07 15:32:07 -0600] [56034] [CRITICAL] WORKER TIMEOUT (pid:60672)
[2015-05-07 15:32:07 -0600] [56034] [CRITICAL] WORKER TIMEOUT (pid:60673)
[2015-05-07 15:32:07 -0600] [56034] [CRITICAL] WORKER TIMEOUT (pid:60674)
[2015-05-07 15:32:07 -0600] [56034] [CRITICAL] WORKER TIMEOUT (pid:60675)
[2015-05-07 15:32:07 -0600] [56034] [CRITICAL] WORKER TIMEOUT (pid:60676)
[2015-05-07 15:32:07 -0600] [56034] [CRITICAL] WORKER TIMEOUT (pid:60677)
[2015-05-07 15:32:07 -0600] [56034] [CRITICAL] WORKER TIMEOUT (pid:60678)
[2015-05-07 15:32:07 -0600] [56034] [CRITICAL] WORKER TIMEOUT (pid:60679)
[2015-05-07 15:32:07 -0600] [56034] [CRITICAL] WORKER TIMEOUT (pid:60680)
[2015-05-07 15:32:07 -0600] [56034] [CRITICAL] WORKER TIMEOUT (pid:60681)
[2015-05-07 15:32:07 -0600] [56034] [CRITICAL] WORKER TIMEOUT (pid:60682)
[2015-05-07 15:32:07 -0600] [56034] [CRITICAL] WORKER TIMEOUT (pid:60683)
[2015-05-07 15:32:07 -0600] [56034] [CRITICAL] WORKER TIMEOUT (pid:60684)
[2015-05-07 15:32:07 -0600] [56034] [CRITICAL] WORKER TIMEOUT (pid:60685)
[2015-05-07 15:32:07 -0600] [56034] [CRITICAL] WORKER TIMEOUT (pid:60686)
[2015-05-07 15:32:07 -0600] [56034] [CRITICAL] WORKER TIMEOUT (pid:60687)
[2015-05-07 15:32:07 -0600] [56034] [CRITICAL] WORKER TIMEOUT (pid:60688)
2015-05-07 15:32:09,680 /usr/local/lib/python2.7/site-packages/psiturk/psiturk_js/psiturk.js
2015-05-07 15:32:09,680 /usr/local/lib/python2.7/site-packages/psiturk/psiturk_js/psiturk.js
2015-05-07 15:32:09,706 /usr/local/lib/python2.7/site-packages/psiturk/psiturk_js/psiturk.js
2015-05-07 15:32:09,728 /usr/local/lib/python2.7/site-packages/psiturk/psiturk_js/psiturk.js
2015-05-07 15:32:09,740 /usr/local/lib/python2.7/site-packages/psiturk/psiturk_js/psiturk.js
2015-05-07 15:32:09,780 /usr/local/lib/python2.7/site-packages/psiturk/psiturk_js/psiturk.js
2015-05-07 15:32:09,796 /usr/local/lib/python2.7/site-packages/psiturk/psiturk_js/psiturk.js
2015-05-07 15:32:09,845 /usr/local/lib/python2.7/site-packages/psiturk/psiturk_js/psiturk.js
2015-05-07 15:32:09,868 /usr/local/lib/python2.7/site-packages/psiturk/psiturk_js/psiturk.js
2015-05-07 15:32:09,885 /usr/local/lib/python2.7/site-packages/psiturk/psiturk_js/psiturk.js
2015-05-07 15:32:09,940 /usr/local/lib/python2.7/site-packages/psiturk/psiturk_js/psiturk.js
2015-05-07 15:32:10,006 /usr/local/lib/python2.7/site-packages/psiturk/psiturk_js/psiturk.js
2015-05-07 15:32:10,059 /usr/local/lib/python2.7/site-packages/psiturk/psiturk_js/psiturk.js
2015-05-07 15:32:10,064 /usr/local/lib/python2.7/site-packages/psiturk/psiturk_js/psiturk.js
2015-05-07 15:32:10,073 /usr/local/lib/python2.7/site-packages/psiturk/psiturk_js/psiturk.js
2015-05-07 15:32:10,097 /usr/local/lib/python2.7/site-packages/psiturk/psiturk_js/psiturk.js
2015-05-07 15:32:10,124 /usr/local/lib/python2.7/site-packages/psiturk/psiturk_js/psiturk.js
[2015-05-07 15:52:47 -0600] [56034] [CRITICAL] WORKER TIMEOUT (pid:60692)
[2015-05-07 15:52:47 -0600] [56034] [CRITICAL] WORKER TIMEOUT (pid:60693)
[2015-05-07 15:52:47 -0600] [56034] [CRITICAL] WORKER TIMEOUT (pid:60694)
[2015-05-07 15:52:47 -0600] [56034] [CRITICAL] WORKER TIMEOUT (pid:60695)
[2015-05-07 15:52:47 -0600] [56034] [CRITICAL] WORKER TIMEOUT (pid:60696)
[2015-05-07 15:52:47 -0600] [56034] [CRITICAL] WORKER TIMEOUT (pid:60697)
[2015-05-07 15:52:47 -0600] [56034] [CRITICAL] WORKER TIMEOUT (pid:60698)
[2015-05-07 15:52:47 -0600] [56034] [CRITICAL] WORKER TIMEOUT (pid:60699)
[2015-05-07 15:52:47 -0600] [56034] [CRITICAL] WORKER TIMEOUT (pid:60700)
[2015-05-07 15:52:47 -0600] [56034] [CRITICAL] WORKER TIMEOUT (pid:60701)
[2015-05-07 15:52:47 -0600] [56034] [CRITICAL] WORKER TIMEOUT (pid:60702)
[2015-05-07 15:52:47 -0600] [56034] [CRITICAL] WORKER TIMEOUT (pid:60703)
[2015-05-07 15:52:47 -0600] [56034] [CRITICAL] WORKER TIMEOUT (pid:60704)
[2015-05-07 15:52:47 -0600] [56034] [CRITICAL] WORKER TIMEOUT (pid:60706)
[2015-05-07 15:52:47 -0600] [56034] [CRITICAL] WORKER TIMEOUT (pid:60707)
[2015-05-07 15:52:47 -0600] [56034] [CRITICAL] WORKER TIMEOUT (pid:60708)
[2015-05-07 15:52:47 -0600] [56034] [CRITICAL] WORKER TIMEOUT (pid:60711)
2015-05-07 15:52:49,571 /usr/local/lib/python2.7/site-packages/psiturk/psiturk_js/psiturk.js
2015-05-07 15:52:49,589 /usr/local/lib/python2.7/site-packages/psiturk/psiturk_js/psiturk.js
2015-05-07 15:52:49,603 /usr/local/lib/python2.7/site-packages/psiturk/psiturk_js/psiturk.js
2015-05-07 15:52:49,614 /usr/local/lib/python2.7/site-packages/psiturk/psiturk_js/psiturk.js
2015-05-07 15:52:49,637 /usr/local/lib/python2.7/site-packages/psiturk/psiturk_js/psiturk.js
2015-05-07 15:52:49,696 /usr/local/lib/python2.7/site-packages/psiturk/psiturk_js/psiturk.js
2015-05-07 15:52:49,736 /usr/local/lib/python2.7/site-packages/psiturk/psiturk_js/psiturk.js
2015-05-07 15:52:49,807 /usr/local/lib/python2.7/site-packages/psiturk/psiturk_js/psiturk.js
2015-05-07 15:52:49,828 /usr/local/lib/python2.7/site-packages/psiturk/psiturk_js/psiturk.js
2015-05-07 15:52:49,844 /usr/local/lib/python2.7/site-packages/psiturk/psiturk_js/psiturk.js
2015-05-07 15:52:49,843 /usr/local/lib/python2.7/site-packages/psiturk/psiturk_js/psiturk.js
2015-05-07 15:52:49,855 /usr/local/lib/python2.7/site-packages/psiturk/psiturk_js/psiturk.js
2015-05-07 15:52:49,866 /usr/local/lib/python2.7/site-packages/psiturk/psiturk_js/psiturk.js
2015-05-07 15:52:49,873 /usr/local/lib/python2.7/site-packages/psiturk/psiturk_js/psiturk.js
2015-05-07 15:52:49,880 /usr/local/lib/python2.7/site-packages/psiturk/psiturk_js/psiturk.js
2015-05-07 15:52:49,897 /usr/local/lib/python2.7/site-packages/psiturk/psiturk_js/psiturk.js
2015-05-07 15:52:49,908 /usr/local/lib/python2.7/site-packages/psiturk/psiturk_js/psiturk.js
[2015-05-07 16:17:31 -0600] [56034] [CRITICAL] WORKER TIMEOUT (pid:60767)
[2015-05-07 16:17:31 -0600] [56034] [CRITICAL] WORKER TIMEOUT (pid:60768)
[2015-05-07 16:17:31 -0600] [56034] [CRITICAL] WORKER TIMEOUT (pid:60769)
[2015-05-07 16:17:31 -0600] [56034] [CRITICAL] WORKER TIMEOUT (pid:60770)
[2015-05-07 16:17:31 -0600] [56034] [CRITICAL] WORKER TIMEOUT (pid:60771)
[2015-05-07 16:17:31 -0600] [56034] [CRITICAL] WORKER TIMEOUT (pid:60772)
[2015-05-07 16:17:31 -0600] [56034] [CRITICAL] WORKER TIMEOUT (pid:60773)
2015-05-07 16:17:32,575 /usr/local/lib/python2.7/site-packages/psiturk/psiturk_js/psiturk.js
2015-05-07 16:17:32,575 /usr/local/lib/python2.7/site-packages/psiturk/psiturk_js/psiturk.js
2015-05-07 16:17:32,600 /usr/local/lib/python2.7/site-packages/psiturk/psiturk_js/psiturk.js
2015-05-07 16:17:32,608 /usr/local/lib/python2.7/site-packages/psiturk/psiturk_js/psiturk.js
2015-05-07 16:17:32,641 /usr/local/lib/python2.7/site-packages/psiturk/psiturk_js/psiturk.js
2015-05-07 16:17:32,715 /usr/local/lib/python2.7/site-packages/psiturk/psiturk_js/psiturk.js
2015-05-07 16:17:32,742 /usr/local/lib/python2.7/site-packages/psiturk/psiturk_js/psiturk.js
[2015-05-07 17:31:51 -0600] [56034] [CRITICAL] WORKER TIMEOUT (pid:60813)
[2015-05-07 17:31:51 -0600] [56034] [CRITICAL] WORKER TIMEOUT (pid:60814)
[2015-05-07 17:31:51 -0600] [56034] [CRITICAL] WORKER TIMEOUT (pid:60815)
[2015-05-07 17:31:51 -0600] [56034] [CRITICAL] WORKER TIMEOUT (pid:60816)
[2015-05-07 17:31:51 -0600] [56034] [CRITICAL] WORKER TIMEOUT (pid:60817)
[2015-05-07 17:31:51 -0600] [56034] [CRITICAL] WORKER TIMEOUT (pid:60818)
[2015-05-07 17:31:51 -0600] [56034] [CRITICAL] WORKER TIMEOUT (pid:60819)
[2015-05-07 17:31:51 -0600] [56034] [CRITICAL] WORKER TIMEOUT (pid:60774)
[2015-05-07 17:31:51 -0600] [56034] [CRITICAL] WORKER TIMEOUT (pid:60775)
[2015-05-07 17:31:51 -0600] [56034] [CRITICAL] WORKER TIMEOUT (pid:60776)
[2015-05-07 17:31:51 -0600] [56034] [CRITICAL] WORKER TIMEOUT (pid:60777)
[2015-05-07 17:31:51 -0600] [56034] [CRITICAL] WORKER TIMEOUT (pid:60778)
[2015-05-07 17:31:51 -0600] [56034] [CRITICAL] WORKER TIMEOUT (pid:60779)
[2015-05-07 17:31:51 -0600] [56034] [CRITICAL] WORKER TIMEOUT (pid:60780)
[2015-05-07 17:31:51 -0600] [56034] [CRITICAL] WORKER TIMEOUT (pid:60781)
[2015-05-07 17:31:51 -0600] [56034] [CRITICAL] WORKER TIMEOUT (pid:60782)
[2015-05-07 17:31:51 -0600] [56034] [CRITICAL] WORKER TIMEOUT (pid:60784)
2015-05-07 17:31:53,175 /usr/local/lib/python2.7/site-packages/psiturk/psiturk_js/psiturk.js
2015-05-07 17:31:53,188 /usr/local/lib/python2.7/site-packages/psiturk/psiturk_js/psiturk.js
2015-05-07 17:31:53,209 /usr/local/lib/python2.7/site-packages/psiturk/psiturk_js/psiturk.js
2015-05-07 17:31:53,242 /usr/local/lib/python2.7/site-packages/psiturk/psiturk_js/psiturk.js
2015-05-07 17:31:53,315 /usr/local/lib/python2.7/site-packages/psiturk/psiturk_js/psiturk.js
2015-05-07 17:31:53,326 /usr/local/lib/python2.7/site-packages/psiturk/psiturk_js/psiturk.js
2015-05-07 17:31:53,353 /usr/local/lib/python2.7/site-packages/psiturk/psiturk_js/psiturk.js
2015-05-07 17:31:53,406 /usr/local/lib/python2.7/site-packages/psiturk/psiturk_js/psiturk.js
2015-05-07 17:31:53,417 /usr/local/lib/python2.7/site-packages/psiturk/psiturk_js/psiturk.js
2015-05-07 17:31:53,458 /usr/local/lib/python2.7/site-packages/psiturk/psiturk_js/psiturk.js
2015-05-07 17:31:53,475 /usr/local/lib/python2.7/site-packages/psiturk/psiturk_js/psiturk.js
2015-05-07 17:31:53,510 /usr/local/lib/python2.7/site-packages/psiturk/psiturk_js/psiturk.js
2015-05-07 17:31:53,533 /usr/local/lib/python2.7/site-packages/psiturk/psiturk_js/psiturk.js
2015-05-07 17:31:53,543 /usr/local/lib/python2.7/site-packages/psiturk/psiturk_js/psiturk.js
2015-05-07 17:31:53,545 /usr/local/lib/python2.7/site-packages/psiturk/psiturk_js/psiturk.js
2015-05-07 17:31:53,564 /usr/local/lib/python2.7/site-packages/psiturk/psiturk_js/psiturk.js
2015-05-07 17:31:53,565 /usr/local/lib/python2.7/site-packages/psiturk/psiturk_js/psiturk.js
[2015-05-07 19:01:23 -0600] [56034] [CRITICAL] WORKER TIMEOUT (pid:61056)
[2015-05-07 19:01:23 -0600] [56034] [CRITICAL] WORKER TIMEOUT (pid:61057)
[2015-05-07 19:01:23 -0600] [56034] [CRITICAL] WORKER TIMEOUT (pid:61058)
[2015-05-07 19:01:23 -0600] [56034] [CRITICAL] WORKER TIMEOUT (pid:61059)
[2015-05-07 19:01:23 -0600] [56034] [CRITICAL] WORKER TIMEOUT (pid:61060)
[2015-05-07 19:01:23 -0600] [56034] [CRITICAL] WORKER TIMEOUT (pid:61061)
[2015-05-07 19:01:23 -0600] [56034] [CRITICAL] WORKER TIMEOUT (pid:61062)
[2015-05-07 19:01:23 -0600] [56034] [CRITICAL] WORKER TIMEOUT (pid:61063)
[2015-05-07 19:01:23 -0600] [56034] [CRITICAL] WORKER TIMEOUT (pid:61064)
[2015-05-07 19:01:23 -0600] [56034] [CRITICAL] WORKER TIMEOUT (pid:61065)
[2015-05-07 19:01:23 -0600] [56034] [CRITICAL] WORKER TIMEOUT (pid:61066)
[2015-05-07 19:01:23 -0600] [56034] [CRITICAL] WORKER TIMEOUT (pid:61067)
[2015-05-07 19:01:23 -0600] [56034] [CRITICAL] WORKER TIMEOUT (pid:61068)
[2015-05-07 19:01:23 -0600] [56034] [CRITICAL] WORKER TIMEOUT (pid:61052)
[2015-05-07 19:01:23 -0600] [56034] [CRITICAL] WORKER TIMEOUT (pid:61053)
[2015-05-07 19:01:23 -0600] [56034] [CRITICAL] WORKER TIMEOUT (pid:61054)
[2015-05-07 19:01:23 -0600] [56034] [CRITICAL] WORKER TIMEOUT (pid:61055)
2015-05-07 19:01:23,949 /usr/local/lib/python2.7/site-packages/psiturk/psiturk_js/psiturk.js
2015-05-07 19:01:23,994 /usr/local/lib/python2.7/site-packages/psiturk/psiturk_js/psiturk.js
2015-05-07 19:01:24,189 /usr/local/lib/python2.7/site-packages/psiturk/psiturk_js/psiturk.js
2015-05-07 19:01:24,284 /usr/local/lib/python2.7/site-packages/psiturk/psiturk_js/psiturk.js
2015-05-07 19:01:24,567 /usr/local/lib/python2.7/site-packages/psiturk/psiturk_js/psiturk.js
2015-05-07 19:01:24,674 /usr/local/lib/python2.7/site-packages/psiturk/psiturk_js/psiturk.js
2015-05-07 19:01:24,681 /usr/local/lib/python2.7/site-packages/psiturk/psiturk_js/psiturk.js
2015-05-07 19:01:24,683 /usr/local/lib/python2.7/site-packages/psiturk/psiturk_js/psiturk.js
2015-05-07 19:01:24,699 /usr/local/lib/python2.7/site-packages/psiturk/psiturk_js/psiturk.js
2015-05-07 19:01:24,699 /usr/local/lib/python2.7/site-packages/psiturk/psiturk_js/psiturk.js
2015-05-07 19:01:24,736 /usr/local/lib/python2.7/site-packages/psiturk/psiturk_js/psiturk.js
2015-05-07 19:01:24,770 /usr/local/lib/python2.7/site-packages/psiturk/psiturk_js/psiturk.js
2015-05-07 19:01:24,774 /usr/local/lib/python2.7/site-packages/psiturk/psiturk_js/psiturk.js
2015-05-07 19:01:24,804 /usr/local/lib/python2.7/site-packages/psiturk/psiturk_js/psiturk.js
2015-05-07 19:01:24,816 /usr/local/lib/python2.7/site-packages/psiturk/psiturk_js/psiturk.js
2015-05-07 19:01:24,833 /usr/local/lib/python2.7/site-packages/psiturk/psiturk_js/psiturk.js
2015-05-07 19:01:24,833 /usr/local/lib/python2.7/site-packages/psiturk/psiturk_js/psiturk.js
[2015-05-07 20:47:43 -0600] [56034] [CRITICAL] WORKER TIMEOUT (pid:61120)
[2015-05-07 20:47:43 -0600] [56034] [CRITICAL] WORKER TIMEOUT (pid:61122)
[2015-05-07 20:47:43 -0600] [56034] [CRITICAL] WORKER TIMEOUT (pid:61108)
[2015-05-07 20:47:43 -0600] [56034] [CRITICAL] WORKER TIMEOUT (pid:61109)
[2015-05-07 20:47:43 -0600] [56034] [CRITICAL] WORKER TIMEOUT (pid:61110)
[2015-05-07 20:47:43 -0600] [56034] [CRITICAL] WORKER TIMEOUT (pid:61111)
[2015-05-07 20:47:43 -0600] [56034] [CRITICAL] WORKER TIMEOUT (pid:61112)
[2015-05-07 20:47:43 -0600] [56034] [CRITICAL] WORKER TIMEOUT (pid:61116)
[2015-05-07 20:47:44 -0600] [56034] [CRITICAL] WORKER TIMEOUT (pid:61117)
2015-05-07 20:47:47,496 /usr/local/lib/python2.7/site-packages/psiturk/psiturk_js/psiturk.js
2015-05-07 20:47:47,496 /usr/local/lib/python2.7/site-packages/psiturk/psiturk_js/psiturk.js
2015-05-07 20:47:47,497 /usr/local/lib/python2.7/site-packages/psiturk/psiturk_js/psiturk.js
2015-05-07 20:47:47,496 /usr/local/lib/python2.7/site-packages/psiturk/psiturk_js/psiturk.js
2015-05-07 20:47:47,503 /usr/local/lib/python2.7/site-packages/psiturk/psiturk_js/psiturk.js
2015-05-07 20:47:47,503 /usr/local/lib/python2.7/site-packages/psiturk/psiturk_js/psiturk.js
2015-05-07 20:47:47,504 /usr/local/lib/python2.7/site-packages/psiturk/psiturk_js/psiturk.js
2015-05-07 20:47:47,507 /usr/local/lib/python2.7/site-packages/psiturk/psiturk_js/psiturk.js
2015-05-07 20:47:47,510 /usr/local/lib/python2.7/site-packages/psiturk/psiturk_js/psiturk.js
[2015-05-08 03:02:29 -0600] [56034] [CRITICAL] WORKER TIMEOUT (pid:61121)
[2015-05-08 03:02:29 -0600] [56034] [CRITICAL] WORKER TIMEOUT (pid:61123)
[2015-05-08 03:02:29 -0600] [56034] [CRITICAL] WORKER TIMEOUT (pid:61129)
[2015-05-08 03:02:29 -0600] [56034] [CRITICAL] WORKER TIMEOUT (pid:61130)
[2015-05-08 03:02:29 -0600] [56034] [CRITICAL] WORKER TIMEOUT (pid:61131)
[2015-05-08 03:02:29 -0600] [56034] [CRITICAL] WORKER TIMEOUT (pid:61133)
[2015-05-08 03:02:29 -0600] [56034] [CRITICAL] WORKER TIMEOUT (pid:61134)
[2015-05-08 03:02:29 -0600] [56034] [CRITICAL] WORKER TIMEOUT (pid:61135)
[2015-05-08 03:02:29 -0600] [56034] [CRITICAL] WORKER TIMEOUT (pid:61136)
[2015-05-08 03:02:29 -0600] [56034] [CRITICAL] WORKER TIMEOUT (pid:61137)
[2015-05-08 03:02:29 -0600] [56034] [CRITICAL] WORKER TIMEOUT (pid:61138)
[2015-05-08 03:02:29 -0600] [56034] [CRITICAL] WORKER TIMEOUT (pid:61107)
[2015-05-08 03:02:29 -0600] [56034] [CRITICAL] WORKER TIMEOUT (pid:61113)
[2015-05-08 03:02:29 -0600] [56034] [CRITICAL] WORKER TIMEOUT (pid:61114)
[2015-05-08 03:02:29 -0600] [56034] [CRITICAL] WORKER TIMEOUT (pid:61115)
[2015-05-08 03:02:29 -0600] [56034] [CRITICAL] WORKER TIMEOUT (pid:61118)
[2015-05-08 03:02:29 -0600] [56034] [CRITICAL] WORKER TIMEOUT (pid:61119)
2015-05-08 03:02:30,689 /usr/local/lib/python2.7/site-packages/psiturk/psiturk_js/psiturk.js
2015-05-08 03:02:30,711 /usr/local/lib/python2.7/site-packages/psiturk/psiturk_js/psiturk.js
2015-05-08 03:02:30,718 /usr/local/lib/python2.7/site-packages/psiturk/psiturk_js/psiturk.js
2015-05-08 03:02:30,717 /usr/local/lib/python2.7/site-packages/psiturk/psiturk_js/psiturk.js
2015-05-08 03:02:30,733 /usr/local/lib/python2.7/site-packages/psiturk/psiturk_js/psiturk.js
2015-05-08 03:02:30,755 /usr/local/lib/python2.7/site-packages/psiturk/psiturk_js/psiturk.js
2015-05-08 03:02:30,845 /usr/local/lib/python2.7/site-packages/psiturk/psiturk_js/psiturk.js
2015-05-08 03:02:30,874 /usr/local/lib/python2.7/site-packages/psiturk/psiturk_js/psiturk.js
2015-05-08 03:02:30,936 /usr/local/lib/python2.7/site-packages/psiturk/psiturk_js/psiturk.js
2015-05-08 03:02:30,953 /usr/local/lib/python2.7/site-packages/psiturk/psiturk_js/psiturk.js
2015-05-08 03:02:30,991 /usr/local/lib/python2.7/site-packages/psiturk/psiturk_js/psiturk.js
2015-05-08 03:02:31,000 /usr/local/lib/python2.7/site-packages/psiturk/psiturk_js/psiturk.js
2015-05-08 03:02:31,016 /usr/local/lib/python2.7/site-packages/psiturk/psiturk_js/psiturk.js
2015-05-08 03:02:31,049 /usr/local/lib/python2.7/site-packages/psiturk/psiturk_js/psiturk.js
2015-05-08 03:02:31,049 /usr/local/lib/python2.7/site-packages/psiturk/psiturk_js/psiturk.js
2015-05-08 03:02:31,073 /usr/local/lib/python2.7/site-packages/psiturk/psiturk_js/psiturk.js
2015-05-08 03:02:31,083 /usr/local/lib/python2.7/site-packages/psiturk/psiturk_js/psiturk.js
[2015-05-08 10:26:27 -0600] [56034] [CRITICAL] WORKER TIMEOUT (pid:63360)
2015-05-08 10:26:31,377 /usr/local/lib/python2.7/site-packages/psiturk/psiturk_js/psiturk.js
[2015-05-08 11:25:42 -0600] [56034] [CRITICAL] WORKER TIMEOUT (pid:63361)
[2015-05-08 11:25:42 -0600] [56034] [CRITICAL] WORKER TIMEOUT (pid:63362)
[2015-05-08 11:25:42 -0600] [56034] [CRITICAL] WORKER TIMEOUT (pid:63372)
[2015-05-08 11:25:42 -0600] [56034] [CRITICAL] WORKER TIMEOUT (pid:63346)
[2015-05-08 11:25:42 -0600] [56034] [CRITICAL] WORKER TIMEOUT (pid:63347)
[2015-05-08 11:25:42 -0600] [56034] [CRITICAL] WORKER TIMEOUT (pid:63348)
[2015-05-08 11:25:42 -0600] [56034] [CRITICAL] WORKER TIMEOUT (pid:63349)
[2015-05-08 11:25:42 -0600] [56034] [CRITICAL] WORKER TIMEOUT (pid:63350)
[2015-05-08 11:25:42 -0600] [56034] [CRITICAL] WORKER TIMEOUT (pid:63351)
[2015-05-08 11:25:42 -0600] [56034] [CRITICAL] WORKER TIMEOUT (pid:63352)
[2015-05-08 11:25:42 -0600] [56034] [CRITICAL] WORKER TIMEOUT (pid:63353)
[2015-05-08 11:25:42 -0600] [56034] [CRITICAL] WORKER TIMEOUT (pid:63354)
[2015-05-08 11:25:42 -0600] [56034] [CRITICAL] WORKER TIMEOUT (pid:63355)
[2015-05-08 11:25:42 -0600] [56034] [CRITICAL] WORKER TIMEOUT (pid:63356)
[2015-05-08 11:25:42 -0600] [56034] [CRITICAL] WORKER TIMEOUT (pid:63357)
[2015-05-08 11:25:42 -0600] [56034] [CRITICAL] WORKER TIMEOUT (pid:63358)
[2015-05-08 11:25:42 -0600] [56034] [CRITICAL] WORKER TIMEOUT (pid:63359)
2015-05-08 11:25:43,696 /usr/local/lib/python2.7/site-packages/psiturk/psiturk_js/psiturk.js
2015-05-08 11:25:43,703 /usr/local/lib/python2.7/site-packages/psiturk/psiturk_js/psiturk.js
2015-05-08 11:25:43,717 /usr/local/lib/python2.7/site-packages/psiturk/psiturk_js/psiturk.js
2015-05-08 11:25:43,724 /usr/local/lib/python2.7/site-packages/psiturk/psiturk_js/psiturk.js
2015-05-08 11:25:43,729 /usr/local/lib/python2.7/site-packages/psiturk/psiturk_js/psiturk.js
2015-05-08 11:25:43,736 /usr/local/lib/python2.7/site-packages/psiturk/psiturk_js/psiturk.js
2015-05-08 11:25:43,785 /usr/local/lib/python2.7/site-packages/psiturk/psiturk_js/psiturk.js
2015-05-08 11:25:43,939 /usr/local/lib/python2.7/site-packages/psiturk/psiturk_js/psiturk.js
2015-05-08 11:25:43,954 /usr/local/lib/python2.7/site-packages/psiturk/psiturk_js/psiturk.js
2015-05-08 11:25:44,011 /usr/local/lib/python2.7/site-packages/psiturk/psiturk_js/psiturk.js
2015-05-08 11:25:44,023 /usr/local/lib/python2.7/site-packages/psiturk/psiturk_js/psiturk.js
2015-05-08 11:25:44,040 /usr/local/lib/python2.7/site-packages/psiturk/psiturk_js/psiturk.js
2015-05-08 11:25:44,070 /usr/local/lib/python2.7/site-packages/psiturk/psiturk_js/psiturk.js
2015-05-08 11:25:44,070 /usr/local/lib/python2.7/site-packages/psiturk/psiturk_js/psiturk.js
2015-05-08 11:25:44,103 /usr/local/lib/python2.7/site-packages/psiturk/psiturk_js/psiturk.js
2015-05-08 11:25:44,115 /usr/local/lib/python2.7/site-packages/psiturk/psiturk_js/psiturk.js
2015-05-08 11:25:44,118 /usr/local/lib/python2.7/site-packages/psiturk/psiturk_js/psiturk.js
[2015-05-08 11:26:59 -0600] [56034] [CRITICAL] WORKER TIMEOUT (pid:63808)
[2015-05-08 11:26:59 -0600] [56034] [CRITICAL] WORKER TIMEOUT (pid:63809)
[2015-05-08 11:26:59 -0600] [56034] [CRITICAL] WORKER TIMEOUT (pid:63810)
[2015-05-08 11:26:59 -0600] [56034] [CRITICAL] WORKER TIMEOUT (pid:63794)
[2015-05-08 11:26:59 -0600] [56034] [CRITICAL] WORKER TIMEOUT (pid:63795)
[2015-05-08 11:26:59 -0600] [56034] [CRITICAL] WORKER TIMEOUT (pid:63796)
[2015-05-08 11:26:59 -0600] [56034] [CRITICAL] WORKER TIMEOUT (pid:63797)
[2015-05-08 11:26:59 -0600] [56034] [CRITICAL] WORKER TIMEOUT (pid:63798)
[2015-05-08 11:26:59 -0600] [56034] [CRITICAL] WORKER TIMEOUT (pid:63799)
[2015-05-08 11:26:59 -0600] [56034] [CRITICAL] WORKER TIMEOUT (pid:63800)
[2015-05-08 11:26:59 -0600] [56034] [CRITICAL] WORKER TIMEOUT (pid:63801)
[2015-05-08 11:26:59 -0600] [56034] [CRITICAL] WORKER TIMEOUT (pid:63802)
[2015-05-08 11:26:59 -0600] [56034] [CRITICAL] WORKER TIMEOUT (pid:63803)
[2015-05-08 11:26:59 -0600] [56034] [CRITICAL] WORKER TIMEOUT (pid:63804)
[2015-05-08 11:26:59 -0600] [56034] [CRITICAL] WORKER TIMEOUT (pid:63805)
[2015-05-08 11:26:59 -0600] [56034] [CRITICAL] WORKER TIMEOUT (pid:63806)
[2015-05-08 11:26:59 -0600] [56034] [CRITICAL] WORKER TIMEOUT (pid:63807)
2015-05-08 11:27:01,014 /usr/local/lib/python2.7/site-packages/psiturk/psiturk_js/psiturk.js
2015-05-08 11:27:01,114 /usr/local/lib/python2.7/site-packages/psiturk/psiturk_js/psiturk.js
2015-05-08 11:27:01,140 /usr/local/lib/python2.7/site-packages/psiturk/psiturk_js/psiturk.js
2015-05-08 11:27:01,163 /usr/local/lib/python2.7/site-packages/psiturk/psiturk_js/psiturk.js
2015-05-08 11:27:01,204 /usr/local/lib/python2.7/site-packages/psiturk/psiturk_js/psiturk.js
2015-05-08 11:27:01,257 /usr/local/lib/python2.7/site-packages/psiturk/psiturk_js/psiturk.js
2015-05-08 11:27:01,258 /usr/local/lib/python2.7/site-packages/psiturk/psiturk_js/psiturk.js
2015-05-08 11:27:01,265 /usr/local/lib/python2.7/site-packages/psiturk/psiturk_js/psiturk.js
2015-05-08 11:27:01,313 /usr/local/lib/python2.7/site-packages/psiturk/psiturk_js/psiturk.js
2015-05-08 11:27:01,364 /usr/local/lib/python2.7/site-packages/psiturk/psiturk_js/psiturk.js
2015-05-08 11:27:01,405 /usr/local/lib/python2.7/site-packages/psiturk/psiturk_js/psiturk.js
2015-05-08 11:27:01,406 /usr/local/lib/python2.7/site-packages/psiturk/psiturk_js/psiturk.js
2015-05-08 11:27:01,479 /usr/local/lib/python2.7/site-packages/psiturk/psiturk_js/psiturk.js
2015-05-08 11:27:01,488 /usr/local/lib/python2.7/site-packages/psiturk/psiturk_js/psiturk.js
2015-05-08 11:27:01,509 /usr/local/lib/python2.7/site-packages/psiturk/psiturk_js/psiturk.js
2015-05-08 11:27:01,529 /usr/local/lib/python2.7/site-packages/psiturk/psiturk_js/psiturk.js
2015-05-08 11:27:01,543 /usr/local/lib/python2.7/site-packages/psiturk/psiturk_js/psiturk.js
[2015-05-08 11:32:17 -0600] [56034] [CRITICAL] WORKER TIMEOUT (pid:63826)
[2015-05-08 11:32:17 -0600] [56034] [CRITICAL] WORKER TIMEOUT (pid:63827)
[2015-05-08 11:32:17 -0600] [56034] [CRITICAL] WORKER TIMEOUT (pid:63828)
[2015-05-08 11:32:17 -0600] [56034] [CRITICAL] WORKER TIMEOUT (pid:63829)
[2015-05-08 11:32:17 -0600] [56034] [CRITICAL] WORKER TIMEOUT (pid:63830)
[2015-05-08 11:32:17 -0600] [56034] [CRITICAL] WORKER TIMEOUT (pid:63831)
[2015-05-08 11:32:17 -0600] [56034] [CRITICAL] WORKER TIMEOUT (pid:63832)
[2015-05-08 11:32:17 -0600] [56034] [CRITICAL] WORKER TIMEOUT (pid:63833)
[2015-05-08 11:32:17 -0600] [56034] [CRITICAL] WORKER TIMEOUT (pid:63834)
[2015-05-08 11:32:17 -0600] [56034] [CRITICAL] WORKER TIMEOUT (pid:63835)
[2015-05-08 11:32:17 -0600] [56034] [CRITICAL] WORKER TIMEOUT (pid:63836)
[2015-05-08 11:32:17 -0600] [56034] [CRITICAL] WORKER TIMEOUT (pid:63837)
[2015-05-08 11:32:17 -0600] [56034] [CRITICAL] WORKER TIMEOUT (pid:63838)
[2015-05-08 11:32:17 -0600] [56034] [CRITICAL] WORKER TIMEOUT (pid:63839)
[2015-05-08 11:32:17 -0600] [56034] [CRITICAL] WORKER TIMEOUT (pid:63840)
[2015-05-08 11:32:17 -0600] [56034] [CRITICAL] WORKER TIMEOUT (pid:63841)
[2015-05-08 11:32:17 -0600] [56034] [CRITICAL] WORKER TIMEOUT (pid:63842)
2015-05-09 16:03:56,381 /usr/local/lib/python2.7/site-packages/psiturk/psiturk_js/psiturk.js
2015-05-09 16:03:56,381 /usr/local/lib/python2.7/site-packages/psiturk/psiturk_js/psiturk.js
2015-05-09 16:03:56,433 /usr/local/lib/python2.7/site-packages/psiturk/psiturk_js/psiturk.js
2015-05-09 16:03:56,652 /usr/local/lib/python2.7/site-packages/psiturk/psiturk_js/psiturk.js
2015-05-09 16:03:56,771 /usr/local/lib/python2.7/site-packages/psiturk/psiturk_js/psiturk.js
2015-05-09 16:03:56,895 /usr/local/lib/python2.7/site-packages/psiturk/psiturk_js/psiturk.js
2015-05-09 16:03:56,986 /usr/local/lib/python2.7/site-packages/psiturk/psiturk_js/psiturk.js
2015-05-09 16:03:57,150 /usr/local/lib/python2.7/site-packages/psiturk/psiturk_js/psiturk.js
2015-05-09 16:03:57,216 /usr/local/lib/python2.7/site-packages/psiturk/psiturk_js/psiturk.js
2015-05-09 16:03:57,260 /usr/local/lib/python2.7/site-packages/psiturk/psiturk_js/psiturk.js
2015-05-09 16:03:57,277 /usr/local/lib/python2.7/site-packages/psiturk/psiturk_js/psiturk.js
2015-05-09 16:03:57,306 /usr/local/lib/python2.7/site-packages/psiturk/psiturk_js/psiturk.js
2015-05-09 16:03:57,315 /usr/local/lib/python2.7/site-packages/psiturk/psiturk_js/psiturk.js
2015-05-09 16:03:57,317 /usr/local/lib/python2.7/site-packages/psiturk/psiturk_js/psiturk.js
2015-05-09 16:03:57,331 /usr/local/lib/python2.7/site-packages/psiturk/psiturk_js/psiturk.js
2015-05-09 16:03:57,349 /usr/local/lib/python2.7/site-packages/psiturk/psiturk_js/psiturk.js
2015-05-09 16:03:57,377 /usr/local/lib/python2.7/site-packages/psiturk/psiturk_js/psiturk.js
